#
# There is insufficient memory for the Java Runtime Environment to continue.
# Native memory allocation (malloc) failed to allocate 391056 bytes for Chunk::new
# Possible reasons:
#   The system is out of physical RAM or swap space
#   In 32 bit mode, the process size limit was hit
# Possible solutions:
#   Reduce memory load on the system
#   Increase physical memory or swap space
#   Check if swap backing store is full
#   Use 64 bit Java on a 64 bit OS
#   Decrease Java heap size (-Xmx/-Xms)
#   Decrease number of Java threads
#   Decrease Java thread stack sizes (-Xss)
#   Set larger code cache with -XX:ReservedCodeCacheSize=
# This output file may be truncated or incomplete.
#
#  Out of Memory Error (allocation.cpp:323), pid=6156, tid=7852
#
# JRE version: Java(TM) SE Runtime Environment (7.0_79-b15) (build 1.7.0_79-b15)
# Java VM: Java HotSpot(TM) 64-Bit Server VM (24.79-b02 mixed mode windows-amd64 compressed oops)
# Failed to write core dump. Minidumps are not enabled by default on client versions of Windows
#

---------------  T H R E A D  ---------------

Current thread (0x00000000087de800):  JavaThread "C2 CompilerThread0" daemon [_thread_in_native, id=7852, stack(0x0000000009ac0000,0x0000000009bc0000)]

Stack: [0x0000000009ac0000,0x0000000009bc0000]
[error occurred during error reporting (printing stack bounds), id 0xc0000005]


Current CompileTask:
C2:   4957  362             com.android.dx.ssa.back.SsaToRop::convertBasicBlocks (151 bytes)


---------------  P R O C E S S  ---------------

Java Threads: ( => current thread )
  0x000000000a405800 JavaThread "pool-1-thread-4" [_thread_blocked, id=7956, stack(0x000000000b070000,0x000000000b170000)]
  0x000000000a2a4000 JavaThread "pool-1-thread-3" [_thread_blocked, id=7140, stack(0x000000000ae50000,0x000000000af50000)]
  0x000000000a29d800 JavaThread "pool-1-thread-2" [_thread_blocked, id=7032, stack(0x000000000ac70000,0x000000000ad70000)]
  0x000000000a3ec800 JavaThread "pool-2-thread-1" [_thread_blocked, id=7492, stack(0x000000000ab30000,0x000000000ac30000)]
  0x000000000a3e7000 JavaThread "pool-1-thread-1" [_thread_blocked, id=6488, stack(0x000000000aa20000,0x000000000ab20000)]
  0x000000000a125800 JavaThread "Service Thread" daemon [_thread_blocked, id=8144, stack(0x000000000a530000,0x000000000a630000)]
  0x000000000a124000 JavaThread "C2 CompilerThread1" daemon [_thread_in_native, id=6408, stack(0x000000000a670000,0x000000000a770000)]
=>0x00000000087de800 JavaThread "C2 CompilerThread0" daemon [_thread_in_native, id=7852, stack(0x0000000009ac0000,0x0000000009bc0000)]
  0x00000000087de000 JavaThread "Attach Listener" daemon [_thread_blocked, id=5416, stack(0x000000000a020000,0x000000000a120000)]
  0x00000000087dd000 JavaThread "Signal Dispatcher" daemon [_thread_blocked, id=7348, stack(0x0000000009e50000,0x0000000009f50000)]
  0x0000000008769800 JavaThread "Finalizer" daemon [_thread_blocked, id=7976, stack(0x0000000009c60000,0x0000000009d60000)]
  0x0000000008762800 JavaThread "Reference Handler" daemon [_thread_blocked, id=7332, stack(0x0000000009800000,0x0000000009900000)]
  0x00000000024fe800 JavaThread "main" [_thread_blocked, id=6852, stack(0x0000000002780000,0x0000000002880000)]

Other Threads:
  0x000000000875b000 VMThread [stack: 0x00000000099b0000,0x0000000009ab0000] [id=4380]
  0x000000000a13e000 WatcherThread [stack: 0x000000000a800000,0x000000000a900000] [id=2536]

VM state:not at safepoint (normal execution)

VM Mutex/Monitor currently owned by a thread: None

Heap
 PSYoungGen      total 38400K, used 35397K [0x00000000eaa80000, 0x00000000ef580000, 0x0000000100000000)
  eden space 33280K, 91% used [0x00000000eaa80000,0x00000000ec8149d0,0x00000000ecb00000)
  from space 5120K, 99% used [0x00000000ecb00000,0x00000000ecffca70,0x00000000ed000000)
  to   space 5120K, 0% used [0x00000000ef080000,0x00000000ef080000,0x00000000ef580000)
 ParOldGen       total 86016K, used 960K [0x00000000c0000000, 0x00000000c5400000, 0x00000000eaa80000)
  object space 86016K, 1% used [0x00000000c0000000,0x00000000c00f0250,0x00000000c5400000)
 PSPermGen       total 21504K, used 5959K [0x00000000bae00000, 0x00000000bc300000, 0x00000000c0000000)
  object space 21504K, 27% used [0x00000000bae00000,0x00000000bb3d1ec8,0x00000000bc300000)

Card table byte_map: [0x0000000005880000,0x0000000005ab0000] byte_map_base: 0x00000000052a9000

Polling page: 0x0000000001b60000

Code Cache  [0x0000000002880000, 0x0000000002af0000, 0x0000000005880000)
 total_blobs=599 nmethods=360 adapters=191 free_code_cache=47707Kb largest_free_block=48824704

Compilation events (10 events):
Event: 4.925 Thread 0x00000000087de800 nmethod 356 0x00000000029d5cd0 code [0x00000000029d5e60, 0x00000000029d62b8]
Event: 4.925 Thread 0x00000000087de800  358             com.android.dx.ssa.back.InterferenceGraph::add (46 bytes)
Event: 4.929 Thread 0x000000000a124000 nmethod 357 0x00000000029d5490 code [0x00000000029d5600, 0x00000000029d59c8]
Event: 4.929 Thread 0x000000000a124000  359             com.android.dx.ssa.LocalVariableExtractor::doit (59 bytes)
Event: 4.934 Thread 0x000000000a124000 nmethod 359 0x00000000029d4d50 code [0x00000000029d4ea0, 0x00000000029d5188]
Event: 4.934 Thread 0x000000000a124000  360             com.android.dx.ssa.SsaMethod::makeExitBlock (134 bytes)
Event: 4.935 Thread 0x00000000087de800 nmethod 358 0x00000000029da710 code [0x00000000029da8c0, 0x00000000029db1c8]
Event: 4.935 Thread 0x00000000087de800  361             com.android.dx.util.BitIntSet::has (28 bytes)
Event: 4.936 Thread 0x00000000087de800 nmethod 361 0x00000000029dc0d0 code [0x00000000029dc200, 0x00000000029dc2b8]
Event: 4.936 Thread 0x00000000087de800  362             com.android.dx.ssa.back.SsaToRop::convertBasicBlocks (151 bytes)

GC Heap History (2 events):
Event: 2.013 GC heap before
{Heap before GC invocations=1 (full 0):
 PSYoungGen      total 38400K, used 33280K [0x00000000eaa80000, 0x00000000ed500000, 0x0000000100000000)
  eden space 33280K, 100% used [0x00000000eaa80000,0x00000000ecb00000,0x00000000ecb00000)
  from space 5120K, 0% used [0x00000000ed000000,0x00000000ed000000,0x00000000ed500000)
  to   space 5120K, 0% used [0x00000000ecb00000,0x00000000ecb00000,0x00000000ed000000)
 ParOldGen       total 86016K, used 0K [0x00000000c0000000, 0x00000000c5400000, 0x00000000eaa80000)
  object space 86016K, 0% used [0x00000000c0000000,0x00000000c0000000,0x00000000c5400000)
 PSPermGen       total 21504K, used 5888K [0x00000000bae00000, 0x00000000bc300000, 0x00000000c0000000)
  object space 21504K, 27% used [0x00000000bae00000,0x00000000bb3c02e8,0x00000000bc300000)
Event: 2.034 GC heap after
Heap after GC invocations=1 (full 0):
 PSYoungGen      total 38400K, used 5106K [0x00000000eaa80000, 0x00000000ef580000, 0x0000000100000000)
  eden space 33280K, 0% used [0x00000000eaa80000,0x00000000eaa80000,0x00000000ecb00000)
  from space 5120K, 99% used [0x00000000ecb00000,0x00000000ecffca70,0x00000000ed000000)
  to   space 5120K, 0% used [0x00000000ef080000,0x00000000ef080000,0x00000000ef580000)
 ParOldGen       total 86016K, used 960K [0x00000000c0000000, 0x00000000c5400000, 0x00000000eaa80000)
  object space 86016K, 1% used [0x00000000c0000000,0x00000000c00f0250,0x00000000c5400000)
 PSPermGen       total 21504K, used 5888K [0x00000000bae00000, 0x00000000bc300000, 0x00000000c0000000)
  object space 21504K, 27% used [0x00000000bae00000,0x00000000bb3c02e8,0x00000000bc300000)
}

Deoptimization events (10 events):
Event: 1.214 Thread 0x000000000a29d800 Uncommon trap: reason=null_check action=make_not_entrant pc=0x0000000002905f2c method=com.android.dx.rop.code.LocalItem.equals(Ljava/lang/Object;)Z @ 1
Event: 3.344 Thread 0x000000000a3e7000 Uncommon trap: reason=null_check action=make_not_entrant pc=0x0000000002945ff0 method=com.android.dx.ssa.SsaRenamer.getLocalForNewReg(I)Lcom/android/dx/rop/code/LocalItem; @ 19
Event: 3.785 Thread 0x000000000a405800 Uncommon trap: reason=unreached action=reinterpret pc=0x00000000029011c4 method=com.android.dx.rop.cst.Constant.compareTo(Lcom/android/dx/rop/cst/Constant;)I @ 12
Event: 3.788 Thread 0x000000000a405800 Uncommon trap: reason=unreached action=reinterpret pc=0x000000000296ed78 method=com.android.dx.util.LabeledList.set(ILcom/android/dx/util/LabeledItem;)V @ 16
Event: 3.818 Thread 0x000000000a405800 Uncommon trap: reason=unreached action=reinterpret pc=0x000000000293d640 method=com.android.dx.ssa.LocalVariableExtractor.processBlock(I)V @ 251
Event: 3.840 Thread 0x000000000a405800 Uncommon trap: reason=unreached action=reinterpret pc=0x0000000002968998 method=com.android.dx.rop.code.LocalVariableExtractor.processBlock(I)V @ 195
Event: 4.929 Thread 0x000000000a3e7000 Uncommon trap: reason=unreached action=reinterpret pc=0x0000000002955b80 method=com.android.dx.ssa.SCCP.simulateBranch(Lcom/android/dx/ssa/SsaInsn;)V @ 132
Event: 4.935 Thread 0x000000000a3e7000 Uncommon trap: reason=bimorphic action=maybe_recompile pc=0x00000000029bf9d8 method=com.android.dx.ssa.LiteralOpUpgrader.tryReplacingWithConstant(Lcom/android/dx/ssa/NormalSsaInsn;)Z @ 52
Event: 4.940 Thread 0x000000000a3e7000 Uncommon trap: reason=bimorphic action=maybe_recompile pc=0x00000000029bf9d8 method=com.android.dx.ssa.LiteralOpUpgrader.tryReplacingWithConstant(Lcom/android/dx/ssa/NormalSsaInsn;)Z @ 52
Event: 4.940 Thread 0x000000000a3e7000 Uncommon trap: reason=bimorphic action=maybe_recompile pc=0x00000000029bf9d8 method=com.android.dx.ssa.LiteralOpUpgrader.tryReplacingWithConstant(Lcom/android/dx/ssa/NormalSsaInsn;)Z @ 52

Internal exceptions (10 events):
Event: 1.073 Thread 0x000000000a2a4000 Threw 0x00000000eb657848 at C:\re\jdk7u79\2331\hotspot\src\share\vm\prims\jvm.cpp:1304
Event: 1.082 Thread 0x000000000a405800 Threw 0x00000000eba92e00 at C:\re\jdk7u79\2331\hotspot\src\share\vm\prims\jvm.cpp:1304
Event: 1.096 Thread 0x000000000a405800 Threw 0x00000000ebadc6b8 at C:\re\jdk7u79\2331\hotspot\src\share\vm\prims\jvm.cpp:1304
Event: 1.127 Thread 0x00000000024fe800 Threw 0x00000000eb7fb3e8 at C:\re\jdk7u79\2331\hotspot\src\share\vm\prims\jvm.cpp:1304
Event: 1.194 Thread 0x000000000a3e7000 Threw 0x00000000ebdeba30 at C:\re\jdk7u79\2331\hotspot\src\share\vm\prims\jvm.cpp:1304
Event: 1.214 Thread 0x000000000a29d800 Implicit null exception at 0x0000000002905b18 to 0x0000000002905f19
Event: 1.283 Thread 0x00000000024fe800 Threw 0x00000000ebd86de8 at C:\re\jdk7u79\2331\hotspot\src\share\vm\prims\jvm.cpp:1304
Event: 1.932 Thread 0x000000000a29d800 Threw 0x00000000ec78c650 at C:\re\jdk7u79\2331\hotspot\src\share\vm\prims\jvm.cpp:1304
Event: 3.344 Thread 0x000000000a3e7000 Implicit null exception at 0x0000000002944df4 to 0x0000000002945fc1
Event: 4.841 Thread 0x00000000024fe800 Threw 0x00000000ec4c4730 at C:\re\jdk7u79\2331\hotspot\src\share\vm\prims\jvm.cpp:1304

Events (10 events):
Event: 4.929 Thread 0x000000000a3e7000 DEOPT UNPACKING pc=0x00000000028b75a4 sp=0x000000000ab1e8e8 mode 2
Event: 4.935 Thread 0x000000000a3e7000 Uncommon trap: trap_request=0xffffffc6 fr.pc=0x00000000029bf9d8
Event: 4.935 Thread 0x000000000a3e7000 DEOPT PACKING pc=0x00000000029bf9d8 sp=0x000000000ab1e940
Event: 4.935 Thread 0x000000000a3e7000 DEOPT UNPACKING pc=0x00000000028b75a4 sp=0x000000000ab1e7f8 mode 2
Event: 4.940 Thread 0x000000000a3e7000 Uncommon trap: trap_request=0xffffffc6 fr.pc=0x00000000029bf9d8
Event: 4.940 Thread 0x000000000a3e7000 DEOPT PACKING pc=0x00000000029bf9d8 sp=0x000000000ab1e940
Event: 4.940 Thread 0x000000000a3e7000 DEOPT UNPACKING pc=0x00000000028b75a4 sp=0x000000000ab1e7f8 mode 2
Event: 4.940 Thread 0x000000000a3e7000 Uncommon trap: trap_request=0xffffffc6 fr.pc=0x00000000029bf9d8
Event: 4.940 Thread 0x000000000a3e7000 DEOPT PACKING pc=0x00000000029bf9d8 sp=0x000000000ab1e940
Event: 4.940 Thread 0x000000000a3e7000 DEOPT UNPACKING pc=0x00000000028b75a4 sp=0x000000000ab1e7f8 mode 2


Dynamic libraries:
0x000000013f380000 - 0x000000013f3b3000 	C:\Program Files\Java\jdk1.7.0_79\bin\java.exe
0x0000000076f50000 - 0x00000000770f9000 	C:\Windows\SYSTEM32\ntdll.dll
0x0000000076d30000 - 0x0000000076e4f000 	C:\Windows\system32\kernel32.dll
0x000007fefcf60000 - 0x000007fefcfcc000 	C:\Windows\system32\KERNELBASE.dll
0x000007feff010000 - 0x000007feff0eb000 	C:\Windows\system32\ADVAPI32.dll
0x000007fefdad0000 - 0x000007fefdb6f000 	C:\Windows\system32\msvcrt.dll
0x000007fefeb90000 - 0x000007fefebaf000 	C:\Windows\SYSTEM32\sechost.dll
0x000007fefd5a0000 - 0x000007fefd6cd000 	C:\Windows\system32\RPCRT4.dll
0x0000000076e50000 - 0x0000000076f4a000 	C:\Windows\system32\USER32.dll
0x000007fefd6f0000 - 0x000007fefd757000 	C:\Windows\system32\GDI32.dll
0x000007fefd460000 - 0x000007fefd46e000 	C:\Windows\system32\LPK.dll
0x000007fefebb0000 - 0x000007fefec79000 	C:\Windows\system32\USP10.dll
0x000007fefb790000 - 0x000007fefb984000 	C:\Windows\WinSxS\amd64_microsoft.windows.common-controls_6595b64144ccf1df_6.0.7601.17514_none_fa396087175ac9ac\COMCTL32.dll
0x000007feff1e0000 - 0x000007feff251000 	C:\Windows\system32\SHLWAPI.dll
0x000007fefeb60000 - 0x000007fefeb8e000 	C:\Windows\system32\IMM32.DLL
0x000007fefd350000 - 0x000007fefd459000 	C:\Windows\system32\MSCTF.dll
0x00000000575f0000 - 0x00000000576c2000 	C:\Program Files\Java\jdk1.7.0_79\jre\bin\msvcr100.dll
0x0000000060520000 - 0x0000000060cf5000 	C:\Program Files\Java\jdk1.7.0_79\jre\bin\server\jvm.dll
0x000007feee6b0000 - 0x000007feee6b9000 	C:\Windows\system32\WSOCK32.dll
0x000007fefd300000 - 0x000007fefd34d000 	C:\Windows\system32\WS2_32.dll
0x000007feff150000 - 0x000007feff158000 	C:\Windows\system32\NSI.dll
0x000007fef8900000 - 0x000007fef893b000 	C:\Windows\system32\WINMM.dll
0x0000000077110000 - 0x0000000077117000 	C:\Windows\system32\PSAPI.DLL
0x0000000074470000 - 0x000000007447f000 	C:\Program Files\Java\jdk1.7.0_79\jre\bin\verify.dll
0x0000000074440000 - 0x0000000074468000 	C:\Program Files\Java\jdk1.7.0_79\jre\bin\java.dll
0x0000000074420000 - 0x0000000074435000 	C:\Program Files\Java\jdk1.7.0_79\jre\bin\zip.dll
0x0000000074400000 - 0x000000007441a000 	C:\Program Files\Java\jdk1.7.0_79\jre\bin\net.dll
0x000007fefc680000 - 0x000007fefc6d5000 	C:\Windows\system32\mswsock.dll
0x000007fefc670000 - 0x000007fefc677000 	C:\Windows\System32\wship6.dll
0x00000000743e0000 - 0x00000000743f1000 	C:\Program Files\Java\jdk1.7.0_79\jre\bin\nio.dll

VM Arguments:
jvm_args: -Djava.awt.headless=true -Xmx1024M -Dfile.encoding=GBK -Duser.country=CN -Duser.language=zh -Duser.variant 
java_command: com.android.dx.command.Main --dex --num-threads=4 --output E:\Dagger2Test\app\build\intermediates\pre-dexed\debug\com.android.support-appcompat-v7-23.4.0_da59dd921aff20592fb5e2a0edad5da793a4ee2d.jar E:\Dagger2Test\app\build\intermediates\exploded-aar\com.android.support\appcompat-v7\23.4.0\jars\classes.jar
Launcher Type: SUN_STANDARD

Environment Variables:
JAVA_HOME=C:\Program Files\Java\jdk1.7.0_79
CLASSPATH=.;C:\Program Files\Java\jdk1.7.0_79lib;C:\Program Files\Java\jdk1.7.0_79lib\tools.jar;
PATH=C:\Program Files (x86)\Intel\iCLS Client\;C:\Program Files\Intel\iCLS Client\;C:\Program Files (x86)\NVIDIA Corporation\PhysX\Common;C:\Windows\system32;C:\Windows;C:\Windows\System32\Wbem;C:\Windows\System32\WindowsPowerShell\v1.0\;C:\Program Files\Intel\Intel(R) Management Engine Components\DAL;C:\Program Files (x86)\Intel\Intel(R) Management Engine Components\DAL;C:\Program Files\Intel\Intel(R) Management Engine Components\IPT;C:\Program Files (x86)\Intel\Intel(R) Management Engine Components\IPT;C:\Program Files\Java\jdk1.7.0_79\bin;C:\Program Files\Java\jre7\bin;D:\adt-bundle-windows-x86_64-20140702\sdk\platform-tools;D:\Program Files\TortoiseGit\bin;D:\Program Files (x86)\Git\bin;D:\Program Files\drozer\bin;C:\Users\Administrator\AppData\Local\Programs\Python\Python35-32
USERNAME=Administrator
OS=Windows_NT
PROCESSOR_IDENTIFIER=Intel64 Family 6 Model 60 Stepping 3, GenuineIntel



---------------  S Y S T E M  ---------------

OS: Windows 7 , 64 bit Build 7601 Service Pack 1

CPU:total 4 (2 cores per cpu, 2 threads per core) family 6 model 60 stepping 3, cmov, cx8, fxsr, mmx, sse, sse2, sse3, ssse3, sse4.1, sse4.2, popcnt, avx, avx2, aes, erms, ht, tsc, tscinvbit

Memory: 4k page, physical 8280268k(731724k free), swap 10375556k(5172k free)

vm_info: Java HotSpot(TM) 64-Bit Server VM (24.79-b02) for windows-amd64 JRE (1.7.0_79-b15), built on Apr 10 2015 12:36:16 by "java_re" with unknown MS VC++:1600

time: Wed May 25 15:18:47 2016
elapsed time: 4 seconds

