#
# There is insufficient memory for the Java Runtime Environment to continue.
# Native memory allocation (malloc) failed to allocate 487536 bytes for Chunk::new
# Possible reasons:
#   The system is out of physical RAM or swap space
#   In 32 bit mode, the process size limit was hit
# Possible solutions:
#   Reduce memory load on the system
#   Increase physical memory or swap space
#   Check if swap backing store is full
#   Use 64 bit Java on a 64 bit OS
#   Decrease Java heap size (-Xmx/-Xms)
#   Decrease number of Java threads
#   Decrease Java thread stack sizes (-Xss)
#   Set larger code cache with -XX:ReservedCodeCacheSize=
# This output file may be truncated or incomplete.
#
#  Out of Memory Error (allocation.cpp:323), pid=5484, tid=6532
#
# JRE version: Java(TM) SE Runtime Environment (7.0_79-b15) (build 1.7.0_79-b15)
# Java VM: Java HotSpot(TM) 64-Bit Server VM (24.79-b02 mixed mode windows-amd64 compressed oops)
# Failed to write core dump. Minidumps are not enabled by default on client versions of Windows
#

---------------  T H R E A D  ---------------

Current thread (0x000000000a011800):  JavaThread "C2 CompilerThread1" daemon [_thread_in_native, id=6532, stack(0x000000000a430000,0x000000000a530000)]

Stack: [0x000000000a430000,0x000000000a530000]
[error occurred during error reporting (printing stack bounds), id 0xc0000005]


[error occurred during error reporting (printing native stack), id 0xc0000005]


Current CompileTask:
C2:   3412  177             com.android.dx.ssa.SsaRenamer$BlockRenamer::process (191 bytes)


---------------  P R O C E S S  ---------------

Java Threads: ( => current thread )
  0x000000000a336000 JavaThread "pool-1-thread-4" [_thread_blocked, id=4756, stack(0x000000000afb0000,0x000000000b0b0000)]
  0x000000000a33a800 JavaThread "pool-1-thread-3" [_thread_in_Java, id=2832, stack(0x000000000ada0000,0x000000000aea0000)]
  0x000000000a339800 JavaThread "pool-1-thread-2" [_thread_blocked, id=3444, stack(0x000000000abf0000,0x000000000acf0000)]
  0x000000000a201000 JavaThread "pool-2-thread-1" [_thread_blocked, id=5428, stack(0x0000000009b80000,0x0000000009c80000)]
  0x000000000a0e8800 JavaThread "pool-1-thread-1" [_thread_blocked, id=6924, stack(0x000000000aa90000,0x000000000ab90000)]
  0x000000000a013000 JavaThread "Service Thread" daemon [_thread_blocked, id=7712, stack(0x000000000a550000,0x000000000a650000)]
=>0x000000000a011800 JavaThread "C2 CompilerThread1" daemon [_thread_in_native, id=6532, stack(0x000000000a430000,0x000000000a530000)]
  0x00000000088ac000 JavaThread "C2 CompilerThread0" daemon [_thread_in_native, id=1320, stack(0x0000000009f10000,0x000000000a010000)]
  0x000000000888a000 JavaThread "Attach Listener" daemon [_thread_blocked, id=5360, stack(0x0000000009da0000,0x0000000009ea0000)]
  0x00000000088a9000 JavaThread "Signal Dispatcher" daemon [_thread_blocked, id=7496, stack(0x0000000009c90000,0x0000000009d90000)]
  0x0000000008830800 JavaThread "Finalizer" daemon [_thread_blocked, id=2560, stack(0x0000000009820000,0x0000000009920000)]
  0x000000000882f000 JavaThread "Reference Handler" daemon [_thread_blocked, id=1680, stack(0x0000000009a80000,0x0000000009b80000)]
  0x000000000256e800 JavaThread "main" [_thread_blocked, id=6692, stack(0x0000000002840000,0x0000000002940000)]

Other Threads:
  0x000000000882b000 VMThread [stack: 0x0000000009930000,0x0000000009a30000] [id=5744]
  0x000000000a013800 WatcherThread [stack: 0x000000000a6c0000,0x000000000a7c0000] [id=5764]

VM state:not at safepoint (normal execution)

VM Mutex/Monitor currently owned by a thread: None

Heap
 PSYoungGen      total 38400K, used 27570K [0x00000000eaa80000, 0x00000000ed500000, 0x0000000100000000)
  eden space 33280K, 82% used [0x00000000eaa80000,0x00000000ec56caa0,0x00000000ecb00000)
  from space 5120K, 0% used [0x00000000ed000000,0x00000000ed000000,0x00000000ed500000)
  to   space 5120K, 0% used [0x00000000ecb00000,0x00000000ecb00000,0x00000000ed000000)
 ParOldGen       total 86016K, used 0K [0x00000000c0000000, 0x00000000c5400000, 0x00000000eaa80000)
  object space 86016K, 0% used [0x00000000c0000000,0x00000000c0000000,0x00000000c5400000)
 PSPermGen       total 21504K, used 5816K [0x00000000bae00000, 0x00000000bc300000, 0x00000000c0000000)
  object space 21504K, 27% used [0x00000000bae00000,0x00000000bb3ae1d8,0x00000000bc300000)

Card table byte_map: [0x0000000005940000,0x0000000005b70000] byte_map_base: 0x0000000005369000

Polling page: 0x0000000000240000

Code Cache  [0x0000000002940000, 0x0000000002bb0000, 0x0000000005940000)
 total_blobs=419 nmethods=178 adapters=191 free_code_cache=48428Kb largest_free_block=49571456

Compilation events (10 events):
Event: 2.997 Thread 0x00000000088ac000  173             java.util.TreeMap::put (247 bytes)
Event: 2.998 Thread 0x000000000a011800 nmethod 172 0x00000000029e9310 code [0x00000000029e94a0, 0x00000000029e9828]
Event: 3.014 Thread 0x00000000088ac000 nmethod 173 0x00000000029e17d0 code [0x00000000029e19a0, 0x00000000029e2420]
Event: 3.162 Thread 0x000000000a011800  174             com.android.dx.util.ByteArray::getUnsignedShort (25 bytes)
Event: 3.163 Thread 0x000000000a011800 nmethod 174 0x00000000029e1410 code [0x00000000029e1560, 0x00000000029e1658]
Event: 3.165 Thread 0x00000000088ac000  175             com.android.dx.ssa.SsaMethod::forEachBlockDepthFirst (194 bytes)
Event: 3.168 Thread 0x000000000a011800  176             com.android.dx.ssa.DeadCodeRemover$NoSideEffectVisitor::visitNonMoveInsn (28 bytes)
Event: 3.172 Thread 0x000000000a011800 nmethod 176 0x00000000029e8950 code [0x00000000029e8ac0, 0x00000000029e8da8]
Event: 3.241 Thread 0x00000000088ac000 nmethod 175 0x00000000029f5910 code [0x00000000029f5be0, 0x00000000029f6ef8]
Event: 3.315 Thread 0x000000000a011800  177             com.android.dx.ssa.SsaRenamer$BlockRenamer::process (191 bytes)

GC Heap History (0 events):
No events

Deoptimization events (5 events):
Event: 1.434 Thread 0x000000000a339800 Uncommon trap: reason=class_check action=maybe_recompile pc=0x00000000029b9d58 method=com.android.dx.ssa.NormalSsaInsn.accept(Lcom/android/dx/ssa/SsaInsn$Visitor;)V @ 9
Event: 1.494 Thread 0x000000000a339800 Uncommon trap: reason=class_check action=maybe_recompile pc=0x00000000029b9d58 method=com.android.dx.ssa.NormalSsaInsn.accept(Lcom/android/dx/ssa/SsaInsn$Visitor;)V @ 9
Event: 1.509 Thread 0x000000000a339800 Uncommon trap: reason=class_check action=maybe_recompile pc=0x00000000029b9d58 method=com.android.dx.ssa.NormalSsaInsn.accept(Lcom/android/dx/ssa/SsaInsn$Visitor;)V @ 9
Event: 1.525 Thread 0x000000000a339800 Uncommon trap: reason=null_check action=make_not_entrant pc=0x00000000029c6adc method=com.android.dx.rop.code.LocalItem.equals(Ljava/lang/Object;)Z @ 1
Event: 1.561 Thread 0x000000000a339800 Uncommon trap: reason=class_check action=maybe_recompile pc=0x00000000029b9d58 method=com.android.dx.ssa.NormalSsaInsn.accept(Lcom/android/dx/ssa/SsaInsn$Visitor;)V @ 9

Internal exceptions (10 events):
Event: 1.386 Thread 0x000000000a339800 Threw 0x00000000eb808a00 at C:\re\jdk7u79\2331\hotspot\src\share\vm\prims\jvm.cpp:1304
Event: 1.386 Thread 0x000000000a339800 Threw 0x00000000eb80e078 at C:\re\jdk7u79\2331\hotspot\src\share\vm\prims\jvm.cpp:1304
Event: 1.391 Thread 0x000000000a339800 Threw 0x00000000eb8233a8 at C:\re\jdk7u79\2331\hotspot\src\share\vm\prims\jvm.cpp:1304
Event: 1.452 Thread 0x000000000a339800 Threw 0x00000000eb95a770 at C:\re\jdk7u79\2331\hotspot\src\share\vm\prims\jvm.cpp:1304
Event: 1.498 Thread 0x000000000a339800 Threw 0x00000000eba41c98 at C:\re\jdk7u79\2331\hotspot\src\share\vm\prims\jvm.cpp:1304
Event: 1.510 Thread 0x000000000a339800 Threw 0x00000000eba8dc80 at C:\re\jdk7u79\2331\hotspot\src\share\vm\prims\jvm.cpp:1304
Event: 1.525 Thread 0x000000000a339800 Implicit null exception at 0x00000000029c66f8 to 0x00000000029c6ac9
Event: 2.023 Thread 0x000000000a336000 Threw 0x00000000ec02fd20 at C:\re\jdk7u79\2331\hotspot\src\share\vm\prims\jvm.cpp:1304
Event: 3.172 Thread 0x000000000256e800 Threw 0x00000000eb3908c8 at C:\re\jdk7u79\2331\hotspot\src\share\vm\prims\jvm.cpp:1304
Event: 3.263 Thread 0x000000000a0e8800 Threw 0x00000000ec245448 at C:\re\jdk7u79\2331\hotspot\src\share\vm\prims\jvm.cpp:1304

Events (10 events):
Event: 1.648 loading class 0x00000000025aea20
Event: 1.648 loading class 0x00000000025aea20 done
Event: 1.649 loading class 0x0000000002601ba0
Event: 1.649 loading class 0x0000000002601ba0 done
Event: 2.023 loading class 0x000000000a204220
Event: 2.023 loading class 0x000000000a204220 done
Event: 3.172 loading class 0x000000000a06b6e0
Event: 3.172 loading class 0x000000000a06b6e0 done
Event: 3.263 loading class 0x000000000a24b6b0
Event: 3.263 loading class 0x000000000a24b6b0 done


Dynamic libraries:
0x000000013f380000 - 0x000000013f3b3000 	C:\Program Files\Java\jdk1.7.0_79\bin\java.exe
0x0000000076f50000 - 0x00000000770f9000 	C:\Windows\SYSTEM32\ntdll.dll
0x0000000076d30000 - 0x0000000076e4f000 	C:\Windows\system32\kernel32.dll
0x000007fefcf60000 - 0x000007fefcfcc000 	C:\Windows\system32\KERNELBASE.dll
0x000007feff010000 - 0x000007feff0eb000 	C:\Windows\system32\ADVAPI32.dll
0x000007fefdad0000 - 0x000007fefdb6f000 	C:\Windows\system32\msvcrt.dll
0x000007fefeb90000 - 0x000007fefebaf000 	C:\Windows\SYSTEM32\sechost.dll
0x000007fefd5a0000 - 0x000007fefd6cd000 	C:\Windows\system32\RPCRT4.dll
0x0000000076e50000 - 0x0000000076f4a000 	C:\Windows\system32\USER32.dll
0x000007fefd6f0000 - 0x000007fefd757000 	C:\Windows\system32\GDI32.dll
0x000007fefd460000 - 0x000007fefd46e000 	C:\Windows\system32\LPK.dll
0x000007fefebb0000 - 0x000007fefec79000 	C:\Windows\system32\USP10.dll
0x000007fefb790000 - 0x000007fefb984000 	C:\Windows\WinSxS\amd64_microsoft.windows.common-controls_6595b64144ccf1df_6.0.7601.17514_none_fa396087175ac9ac\COMCTL32.dll
0x000007feff1e0000 - 0x000007feff251000 	C:\Windows\system32\SHLWAPI.dll
0x000007fefeb60000 - 0x000007fefeb8e000 	C:\Windows\system32\IMM32.DLL
0x000007fefd350000 - 0x000007fefd459000 	C:\Windows\system32\MSCTF.dll
0x00000000575f0000 - 0x00000000576c2000 	C:\Program Files\Java\jdk1.7.0_79\jre\bin\msvcr100.dll
0x0000000060520000 - 0x0000000060cf5000 	C:\Program Files\Java\jdk1.7.0_79\jre\bin\server\jvm.dll
0x000007feee6b0000 - 0x000007feee6b9000 	C:\Windows\system32\WSOCK32.dll
0x000007fefd300000 - 0x000007fefd34d000 	C:\Windows\system32\WS2_32.dll
0x000007feff150000 - 0x000007feff158000 	C:\Windows\system32\NSI.dll
0x000007fef8900000 - 0x000007fef893b000 	C:\Windows\system32\WINMM.dll
0x0000000077110000 - 0x0000000077117000 	C:\Windows\system32\PSAPI.DLL
0x0000000074470000 - 0x000000007447f000 	C:\Program Files\Java\jdk1.7.0_79\jre\bin\verify.dll
0x0000000074440000 - 0x0000000074468000 	C:\Program Files\Java\jdk1.7.0_79\jre\bin\java.dll
0x0000000074420000 - 0x0000000074435000 	C:\Program Files\Java\jdk1.7.0_79\jre\bin\zip.dll
0x0000000074400000 - 0x000000007441a000 	C:\Program Files\Java\jdk1.7.0_79\jre\bin\net.dll
0x000007fefc680000 - 0x000007fefc6d5000 	C:\Windows\system32\mswsock.dll
0x000007fefc670000 - 0x000007fefc677000 	C:\Windows\System32\wship6.dll
0x00000000743e0000 - 0x00000000743f1000 	C:\Program Files\Java\jdk1.7.0_79\jre\bin\nio.dll

VM Arguments:
jvm_args: -Djava.awt.headless=true -Xmx1024M -Dfile.encoding=GBK -Duser.country=CN -Duser.language=zh -Duser.variant 
java_command: com.android.dx.command.Main --dex --num-threads=4 --output E:\Dagger2Test\app\build\intermediates\pre-dexed\debug\com.android.support-design-23.4.0_da5b13cd7323ac9cd734c003f1c479c3fb2810c4.jar E:\Dagger2Test\app\build\intermediates\exploded-aar\com.android.support\design\23.4.0\jars\classes.jar
Launcher Type: SUN_STANDARD

Environment Variables:
JAVA_HOME=C:\Program Files\Java\jdk1.7.0_79
CLASSPATH=.;C:\Program Files\Java\jdk1.7.0_79lib;C:\Program Files\Java\jdk1.7.0_79lib\tools.jar;
PATH=C:\Program Files (x86)\Intel\iCLS Client\;C:\Program Files\Intel\iCLS Client\;C:\Program Files (x86)\NVIDIA Corporation\PhysX\Common;C:\Windows\system32;C:\Windows;C:\Windows\System32\Wbem;C:\Windows\System32\WindowsPowerShell\v1.0\;C:\Program Files\Intel\Intel(R) Management Engine Components\DAL;C:\Program Files (x86)\Intel\Intel(R) Management Engine Components\DAL;C:\Program Files\Intel\Intel(R) Management Engine Components\IPT;C:\Program Files (x86)\Intel\Intel(R) Management Engine Components\IPT;C:\Program Files\Java\jdk1.7.0_79\bin;C:\Program Files\Java\jre7\bin;D:\adt-bundle-windows-x86_64-20140702\sdk\platform-tools;D:\Program Files\TortoiseGit\bin;D:\Program Files (x86)\Git\bin;D:\Program Files\drozer\bin;C:\Users\Administrator\AppData\Local\Programs\Python\Python35-32
USERNAME=Administrator
OS=Windows_NT
PROCESSOR_IDENTIFIER=Intel64 Family 6 Model 60 Stepping 3, GenuineIntel



---------------  S Y S T E M  ---------------

OS: Windows 7 , 64 bit Build 7601 Service Pack 1

CPU:total 4 (2 cores per cpu, 2 threads per core) family 6 model 60 stepping 3, cmov, cx8, fxsr, mmx, sse, sse2, sse3, ssse3, sse4.1, sse4.2, popcnt, avx, avx2, aes, erms, ht, tsc, tscinvbit

Memory: 4k page, physical 8280268k(733764k free), swap 10375556k(5216k free)

vm_info: Java HotSpot(TM) 64-Bit Server VM (24.79-b02) for windows-amd64 JRE (1.7.0_79-b15), built on Apr 10 2015 12:36:16 by "java_re" with unknown MS VC++:1600

time: Wed May 25 15:18:47 2016
elapsed time: 3 seconds

